[templates.envytheme.com/aronix/default/index.html]
[templates.envytheme.com/aronix/default/assets/css/bootstrap.min.css]
[templates.envytheme.com/aronix/default/assets/css/animate.min.css]
[templates.envytheme.com/aronix/default/assets/css/flaticon.css]
[templates.envytheme.com/aronix/default/assets/css/odometer.min.css]
[templates.envytheme.com/aronix/default/assets/css/meanmenu.css]
[templates.envytheme.com/aronix/default/assets/css/magnific-popup.min.css]
[templates.envytheme.com/aronix/default/assets/css/nice-select.min.css]
[templates.envytheme.com/aronix/default/assets/css/owl.carousel.min.css]
[templates.envytheme.com/aronix/default/assets/css/fontawesome.min.css]
[templates.envytheme.com/aronix/default/assets/css/style.css]
[backblue.gif]
[fade.gif]
[index.html]
[templates.envytheme.com/aronix/default/assets/css/responsive.css]
[templates.envytheme.com/aronix/default/assets/img/favicon.png]
[templates.envytheme.com/aronix/default/assets/img/logo.png]
[templates.envytheme.com/aronix/default/index-2.html]
[templates.envytheme.com/aronix/default/index-3.html]
[templates.envytheme.com/aronix/default/about.html]
[templates.envytheme.com/aronix/default/services.html]
[templates.envytheme.com/aronix/default/single-services.html]
[templates.envytheme.com/aronix/default/projects.html]
[templates.envytheme.com/aronix/default/single-projects.html]
[templates.envytheme.com/aronix/default/blog-1.html]
[templates.envytheme.com/aronix/default/blog-2.html]
[templates.envytheme.com/aronix/default/single-blog.html]
[templates.envytheme.com/aronix/default/features.html]
[templates.envytheme.com/aronix/default/team.html]
[templates.envytheme.com/aronix/default/pricing.html]
[templates.envytheme.com/aronix/default/shop.html]
[templates.envytheme.com/aronix/default/single-product.html]
[templates.envytheme.com/aronix/default/cart.html]
[templates.envytheme.com/aronix/default/checkout.html]
[templates.envytheme.com/aronix/default/partner.html]
[templates.envytheme.com/aronix/default/error-404.html]
[templates.envytheme.com/aronix/default/faq.html]
[templates.envytheme.com/aronix/default/contact.html]
[templates.envytheme.com/aronix/default/assets/img/blog-image/1.jpg]
[templates.envytheme.com/aronix/default/assets/img/blog-image/2.jpg]
[templates.envytheme.com/aronix/default/assets/img/blog-image/3.jpg]
[templates.envytheme.com/aronix/default/assets/img/blog-image/4.jpg]
[templates.envytheme.com/aronix/default/assets/img/blog-image/5.jpg]
[templates.envytheme.com/aronix/default/assets/img/blog-image/6.jpg]
[templates.envytheme.com/aronix/default/assets/img/blog-image/7.jpg]
[templates.envytheme.com/aronix/default/assets/img/blog-image/8.jpg]
[templates.envytheme.com/aronix/default/assets/img/rocket.png]
[templates.envytheme.com/aronix/default/assets/img/rocket-shape.png]
[templates.envytheme.com/aronix/default/assets/img/shape/2.svg]
[templates.envytheme.com/aronix/default/assets/img/shape/4.png]
[templates.envytheme.com/aronix/default/assets/img/shape/7.png]
[templates.envytheme.com/aronix/default/assets/img/cloud-shape.png]
[templates.envytheme.com/aronix/default/assets/img/cloud1.png]
[templates.envytheme.com/aronix/default/assets/img/cloud2.png]
[templates.envytheme.com/aronix/default/assets/img/cloud3.png]
[templates.envytheme.com/aronix/default/assets/img/partner-image/1.png]
[templates.envytheme.com/aronix/default/assets/img/partner-image/2.png]
[templates.envytheme.com/aronix/default/assets/img/partner-image/3.png]
[templates.envytheme.com/aronix/default/assets/img/partner-image/4.png]
[templates.envytheme.com/aronix/default/assets/img/partner-image/5.png]
[templates.envytheme.com/aronix/default/assets/img/partner-image/6.png]
[templates.envytheme.com/aronix/default/assets/img/partner-image/7.png]
[templates.envytheme.com/aronix/default/assets/img/partner-image/8.png]
[templates.envytheme.com/aronix/default/assets/img/partner-image/9.png]
[templates.envytheme.com/aronix/default/assets/img/partner-image/10.png]
[templates.envytheme.com/aronix/default/assets/img/about-img1.png]
[templates.envytheme.com/aronix/default/assets/img/why-choose-img1.png]
[templates.envytheme.com/aronix/default/assets/img/features-image/1.png]
[templates.envytheme.com/aronix/default/assets/img/features-image/2.png]
[templates.envytheme.com/aronix/default/assets/img/features-image/3.png]
[templates.envytheme.com/aronix/default/assets/img/features-image/4.png]
[templates.envytheme.com/aronix/default/assets/img/features-image/5.png]
[templates.envytheme.com/aronix/default/assets/img/features-image/6.png]
[templates.envytheme.com/aronix/default/assets/img/shape/3.svg]
[templates.envytheme.com/aronix/default/assets/img/projects-image/1.jpg]
[templates.envytheme.com/aronix/default/assets/img/projects-image/2.jpg]
[templates.envytheme.com/aronix/default/assets/img/projects-image/3.jpg]
[templates.envytheme.com/aronix/default/assets/img/projects-image/4.jpg]
[templates.envytheme.com/aronix/default/assets/img/projects-image/5.jpg]
[templates.envytheme.com/aronix/default/assets/img/projects-image/6.jpg]
[templates.envytheme.com/aronix/default/assets/img/team-image/1.jpg]
[templates.envytheme.com/aronix/default/assets/img/team-image/2.jpg]
[templates.envytheme.com/aronix/default/assets/img/team-image/3.jpg]
[templates.envytheme.com/aronix/default/assets/img/shape/5.png]
[templates.envytheme.com/aronix/default/assets/img/shape/6.png]
[templates.envytheme.com/aronix/default/assets/img/shape/9.png]
[templates.envytheme.com/aronix/default/assets/img/shape/10.png]
[templates.envytheme.com/aronix/default/assets/img/client-image/1.jpg]
[templates.envytheme.com/aronix/default/assets/img/client-image/2.jpg]
[templates.envytheme.com/aronix/default/assets/img/client-image/3.jpg]
[templates.envytheme.com/aronix/default/assets/img/client-image/4.jpg]
[templates.envytheme.com/aronix/default/assets/img/client-image/5.jpg]
[templates.envytheme.com/aronix/default/assets/img/instagram-image/1.jpg]
[templates.envytheme.com/aronix/default/assets/img/instagram-image/2.jpg]
[templates.envytheme.com/aronix/default/assets/img/instagram-image/3.jpg]
[templates.envytheme.com/aronix/default/assets/img/instagram-image/4.jpg]
[templates.envytheme.com/aronix/default/assets/img/instagram-image/5.jpg]
[templates.envytheme.com/aronix/default/assets/img/instagram-image/6.jpg]
[templates.envytheme.com/aronix/default/assets/img/instagram-image/7.jpg]
[templates.envytheme.com/aronix/default/assets/img/instagram-image/8.jpg]
[templates.envytheme.com/aronix/default/assets/js/jquery.min.js]
[templates.envytheme.com/aronix/default/assets/js/popper.min.js]
[templates.envytheme.com/aronix/default/assets/js/bootstrap.min.js]
[templates.envytheme.com/aronix/default/assets/js/jquery.meanmenu.js]
[templates.envytheme.com/aronix/default/assets/js/jquery.appear.min.js]
[templates.envytheme.com/aronix/default/assets/js/odometer.min.js]
[templates.envytheme.com/aronix/default/assets/js/owl.carousel.min.js]
[templates.envytheme.com/aronix/default/assets/js/jquery.magnific-popup.min.js]
[templates.envytheme.com/aronix/default/assets/js/parallax.min.js]
[templates.envytheme.com/aronix/default/assets/js/jquery.nice-select.min.js]
[templates.envytheme.com/aronix/default/assets/js/wow.min.js]
[templates.envytheme.com/aronix/default/assets/js/jquery.ajaxchimp.min.js]
[templates.envytheme.com/aronix/default/assets/js/form-validator.min.js]
[templates.envytheme.com/aronix/default/assets/js/contact-form-script.js]
[templates.envytheme.com/aronix/default/index.html]
[templates.envytheme.com/aronix/default/assets/css/bootstrap.min.css]
[templates.envytheme.com/aronix/default/assets/css/animate.min.css]
[templates.envytheme.com/aronix/default/assets/js/main.js]
[templates.envytheme.com/aronix/default/assets/fonts/Flaticon.eot]
[templates.envytheme.com/aronix/default/assets/fonts/Flaticond41d.eot]
[templates.envytheme.com/aronix/default/assets/fonts/Flaticon.woff2]
[templates.envytheme.com/aronix/default/assets/fonts/Flaticon.woff]
[templates.envytheme.com/aronix/default/assets/fonts/Flaticon.ttf]
[templates.envytheme.com/aronix/default/assets/css/flaticon.css]
[templates.envytheme.com/aronix/default/assets/css/odometer.min.css]
[templates.envytheme.com/aronix/default/assets/css/meanmenu.css]
[templates.envytheme.com/aronix/default/assets/css/magnific-popup.min.css]
[templates.envytheme.com/aronix/default/assets/css/nice-select.min.css]
[templates.envytheme.com/aronix/default/assets/fonts/Flaticon.svg]
[templates.envytheme.com/aronix/default/assets/css/owl.carousel.min.css]
[templates.envytheme.com/aronix/default/assets/fonts/fa-brands-400.eot]
[templates.envytheme.com/aronix/default/assets/fonts/fa-brands-400.woff2]
[templates.envytheme.com/aronix/default/assets/fonts/fa-brands-400d41d.eot]
[templates.envytheme.com/aronix/default/assets/fonts/fa-brands-400.woff]
[templates.envytheme.com/aronix/default/assets/fonts/fa-brands-400.ttf]
[templates.envytheme.com/aronix/default/assets/fonts/fa-regular-400.eot]
[templates.envytheme.com/aronix/default/assets/fonts/fa-regular-400d41d.eot]
[templates.envytheme.com/aronix/default/assets/fonts/fa-brands-400.svg]
[templates.envytheme.com/aronix/default/assets/fonts/fa-regular-400.woff2]
[templates.envytheme.com/aronix/default/assets/fonts/fa-regular-400.woff]
[templates.envytheme.com/aronix/default/assets/fonts/fa-regular-400.ttf]
[templates.envytheme.com/aronix/default/assets/fonts/fa-regular-400.svg]
[templates.envytheme.com/aronix/default/assets/fonts/fa-solid-900.eot]
[templates.envytheme.com/aronix/default/assets/fonts/fa-solid-900.woff2]
[templates.envytheme.com/aronix/default/assets/fonts/fa-solid-900d41d.eot]
[templates.envytheme.com/aronix/default/assets/fonts/fa-solid-900.woff]
[templates.envytheme.com/aronix/default/assets/fonts/fa-solid-900.ttf]
[templates.envytheme.com/aronix/default/assets/css/fontawesome.min.css]
[templates.envytheme.com/aronix/default/assets/img/banner-bg1.jpg]
[templates.envytheme.com/aronix/default/assets/img/banner-bg2.jpg]
[templates.envytheme.com/aronix/default/assets/fonts/fa-solid-900.svg]
[templates.envytheme.com/aronix/default/assets/img/bg_lines.svg]
[templates.envytheme.com/aronix/default/assets/img/solution-bg.jpg]
[templates.envytheme.com/aronix/default/assets/img/shape-wave.png]
[templates.envytheme.com/aronix/default/assets/img/subscribe-bg.jpg]
[templates.envytheme.com/aronix/default/assets/img/blog-image/9.jpg]
[templates.envytheme.com/aronix/default/assets/css/style.css]
[templates.envytheme.com/aronix/default/assets/css/responsive.css]
[templates.envytheme.com/aronix/default/assets/img/banner-image/1-1.png]
[templates.envytheme.com/aronix/default/assets/img/shape/8.png]
[templates.envytheme.com/aronix/default/index-2.html]
[templates.envytheme.com/aronix/default/assets/img/banner-image/main.png]
[templates.envytheme.com/aronix/default/assets/img/banner-image/1.png]
[templates.envytheme.com/aronix/default/assets/img/banner-image/2.png]
[templates.envytheme.com/aronix/default/assets/img/shape/1.png]
[templates.envytheme.com/aronix/default/index-3.html]
[templates.envytheme.com/aronix/default/about.html]
[templates.envytheme.com/aronix/default/services.html]
[templates.envytheme.com/aronix/default/single-services.html]
[templates.envytheme.com/aronix/default/projects.html]
[templates.envytheme.com/aronix/default/single-projects.html]
[templates.envytheme.com/aronix/default/blog-1.html]
[templates.envytheme.com/aronix/default/blog-2.html]
[templates.envytheme.com/aronix/default/single-blog.html]
[templates.envytheme.com/aronix/default/features.html]
[templates.envytheme.com/aronix/default/assets/img/team-image/4.jpg]
[templates.envytheme.com/aronix/default/assets/img/team-image/5.jpg]
[templates.envytheme.com/aronix/default/assets/img/team-image/6.jpg]
[templates.envytheme.com/aronix/default/assets/img/team-image/7.jpg]
[templates.envytheme.com/aronix/default/assets/img/team-image/8.jpg]
[templates.envytheme.com/aronix/default/assets/img/team-image/9.jpg]
[templates.envytheme.com/aronix/default/team.html]
[templates.envytheme.com/aronix/default/pricing.html]
[templates.envytheme.com/aronix/default/assets/img/shop-image/1.jpg]
[templates.envytheme.com/aronix/default/assets/img/shop-image/1-1.jpg]
[templates.envytheme.com/aronix/default/assets/img/shop-image/2.jpg]
[templates.envytheme.com/aronix/default/assets/img/shop-image/2-1.jpg]
[templates.envytheme.com/aronix/default/assets/img/shop-image/3.jpg]
[templates.envytheme.com/aronix/default/assets/img/shop-image/3-1.jpg]
[templates.envytheme.com/aronix/default/assets/img/shop-image/4.jpg]
[templates.envytheme.com/aronix/default/assets/img/shop-image/4-1.jpg]
[templates.envytheme.com/aronix/default/assets/img/shop-image/5.jpg]
[templates.envytheme.com/aronix/default/assets/img/shop-image/5-1.jpg]
[templates.envytheme.com/aronix/default/assets/img/shop-image/6.jpg]
[templates.envytheme.com/aronix/default/assets/img/shop-image/6-1.jpg]
[templates.envytheme.com/aronix/default/shop.html]
[templates.envytheme.com/aronix/default/assets/img/payment/1.svg]
[templates.envytheme.com/aronix/default/assets/img/payment/2.svg]
[templates.envytheme.com/aronix/default/assets/img/payment/3.svg]
[templates.envytheme.com/aronix/default/assets/img/payment/4.svg]
[templates.envytheme.com/aronix/default/assets/img/payment/5.svg]
[templates.envytheme.com/aronix/default/assets/img/payment/6.svg]
[templates.envytheme.com/aronix/default/single-product.html]
[templates.envytheme.com/aronix/default/cart.html]
[templates.envytheme.com/aronix/default/checkout.html]
[templates.envytheme.com/aronix/default/partner.html]
[templates.envytheme.com/aronix/default/assets/img/payment/7.svg]
[templates.envytheme.com/aronix/default/assets/img/404.png]
[templates.envytheme.com/aronix/default/error-404.html]
[templates.envytheme.com/aronix/default/assets/img/contact.png]
[templates.envytheme.com/aronix/default/faq.html]
[templates.envytheme.com/aronix/default/contact.html]
[templates.envytheme.com/aronix/default/assets/img/shape/2.svg]
[templates.envytheme.com/aronix/default/assets/img/shape/3.svg]
[templates.envytheme.com/aronix/default/assets/fonts/Flaticon.svg]
[templates.envytheme.com/aronix/default/assets/css/owl.video.play.html]
[templates.envytheme.com/aronix/default/assets/fonts/fa-brands-400.svg]
[templates.envytheme.com/aronix/default/assets/fonts/fa-regular-400.svg]
[templates.envytheme.com/aronix/default/assets/fonts/fa-solid-900.svg]
[templates.envytheme.com/aronix/default/assets/img/bg_lines.svg]
[templates.envytheme.com/aronix/default/assets/img/payment/1.svg]
[templates.envytheme.com/aronix/default/assets/img/payment/2.svg]
[templates.envytheme.com/aronix/default/assets/img/payment/3.svg]
[templates.envytheme.com/aronix/default/assets/img/payment/4.svg]
[templates.envytheme.com/aronix/default/assets/img/payment/5.svg]
[templates.envytheme.com/aronix/default/assets/img/payment/6.svg]
[templates.envytheme.com/aronix/default/assets/img/payment/7.svg]
